<?xml version="1.0" encoding="UTF-8"?>
<!-- Generated by org.testng.reporters.JUnitXMLReporter -->
<testsuite ignored="1" hostname="DESKTOP-F52EDBA" failures="0" tests="8" name="Test" time="0.103" errors="0" timestamp="2023-01-21T11:50:59 IST">
  <testcase classname="groupExecution.ThirdTest" name="test0" time="0.011"/>
  <testcase classname="groupExecution.ThirdTest" name="test1" time="0.001"/>
  <testcase classname="groupExecution.ThirdTest" name="test2" time="0.001"/>
  <testcase classname="groupExecution.FirstTest" name="test0" time="0.001"/>
  <testcase classname="groupExecution.FirstTest" name="test1" time="0.002"/>
  <testcase classname="groupExecution.FirstTest" name="test2" time="0.001"/>
  <testcase classname="groupExecution.SecondTest" name="test0" time="0.005"/>
  <testcase classname="groupExecution.SecondTest" name="test1" time="0.001"/>
  <testcase classname="groupExecution.SecondTest" name="test2" time="0.0">
    <ignored/>
  </testcase> <!-- test2 -->
</testsuite> <!-- Test -->
