<?xml version="1.0" encoding="UTF-8"?>
<testng-results ignored="1" total="9" passed="8" failed="0" skipped="0">
  <reporter-output>
  </reporter-output>
  <suite started-at="2023-01-21T11:50:59 IST" name="Suite" finished-at="2023-01-21T11:50:59 IST" duration-ms="103">
    <groups>
      <group name="Sanity">
        <method signature="FirstTest.test1()[pri:0, instance:groupExecution.FirstTest@732c2a62]" name="test1" class="groupExecution.FirstTest"/>
        <method signature="FirstTest.test2()[pri:0, instance:groupExecution.FirstTest@732c2a62]" name="test2" class="groupExecution.FirstTest"/>
        <method signature="SecondTest.test1()[pri:0, instance:groupExecution.SecondTest@120f102b]" name="test1" class="groupExecution.SecondTest"/>
        <method signature="ThirdTest.test1()[pri:0, instance:groupExecution.ThirdTest@3a6bb9bf]" name="test1" class="groupExecution.ThirdTest"/>
        <method signature="ThirdTest.test2()[pri:0, instance:groupExecution.ThirdTest@3a6bb9bf]" name="test2" class="groupExecution.ThirdTest"/>
      </group> <!-- Sanity -->
      <group name="Regression">
        <method signature="SecondTest.test0()[pri:0, instance:groupExecution.SecondTest@120f102b]" name="test0" class="groupExecution.SecondTest"/>
        <method signature="SecondTest.test1()[pri:0, instance:groupExecution.SecondTest@120f102b]" name="test1" class="groupExecution.SecondTest"/>
        <method signature="ThirdTest.test2()[pri:0, instance:groupExecution.ThirdTest@3a6bb9bf]" name="test2" class="groupExecution.ThirdTest"/>
      </group> <!-- Regression -->
      <group name="Smoke">
        <method signature="FirstTest.test0()[pri:0, instance:groupExecution.FirstTest@732c2a62]" name="test0" class="groupExecution.FirstTest"/>
        <method signature="FirstTest.test2()[pri:0, instance:groupExecution.FirstTest@732c2a62]" name="test2" class="groupExecution.FirstTest"/>
        <method signature="ThirdTest.test0()[pri:0, instance:groupExecution.ThirdTest@3a6bb9bf]" name="test0" class="groupExecution.ThirdTest"/>
        <method signature="ThirdTest.test2()[pri:0, instance:groupExecution.ThirdTest@3a6bb9bf]" name="test2" class="groupExecution.ThirdTest"/>
      </group> <!-- Smoke -->
    </groups>
    <test started-at="2023-01-21T11:50:59 IST" name="Test" finished-at="2023-01-21T11:50:59 IST" duration-ms="103">
      <class name="groupExecution.ThirdTest">
        <test-method signature="test0()[pri:0, instance:groupExecution.ThirdTest@3a6bb9bf]" started-at="2023-01-21T11:50:59 IST" name="test0" finished-at="2023-01-21T11:50:59 IST" duration-ms="11" status="PASS">
          <reporter-output>
          </reporter-output>
        </test-method> <!-- test0 -->
        <test-method signature="test1()[pri:0, instance:groupExecution.ThirdTest@3a6bb9bf]" started-at="2023-01-21T11:50:59 IST" name="test1" finished-at="2023-01-21T11:50:59 IST" duration-ms="1" status="PASS">
          <reporter-output>
          </reporter-output>
        </test-method> <!-- test1 -->
        <test-method signature="test2()[pri:0, instance:groupExecution.ThirdTest@3a6bb9bf]" started-at="2023-01-21T11:50:59 IST" name="test2" finished-at="2023-01-21T11:50:59 IST" duration-ms="1" status="PASS">
          <reporter-output>
          </reporter-output>
        </test-method> <!-- test2 -->
      </class> <!-- groupExecution.ThirdTest -->
      <class name="groupExecution.SecondTest">
        <test-method signature="test0()[pri:0, instance:groupExecution.SecondTest@120f102b]" started-at="2023-01-21T11:50:59 IST" name="test0" finished-at="2023-01-21T11:50:59 IST" duration-ms="5" status="PASS">
          <reporter-output>
          </reporter-output>
        </test-method> <!-- test0 -->
        <test-method signature="test1()[pri:0, instance:groupExecution.SecondTest@120f102b]" started-at="2023-01-21T11:50:59 IST" name="test1" finished-at="2023-01-21T11:50:59 IST" duration-ms="1" status="PASS">
          <reporter-output>
          </reporter-output>
        </test-method> <!-- test1 -->
      </class> <!-- groupExecution.SecondTest -->
      <class name="groupExecution.FirstTest">
        <test-method signature="test0()[pri:0, instance:groupExecution.FirstTest@732c2a62]" started-at="2023-01-21T11:50:59 IST" name="test0" finished-at="2023-01-21T11:50:59 IST" duration-ms="1" status="PASS">
          <reporter-output>
          </reporter-output>
        </test-method> <!-- test0 -->
        <test-method signature="test1()[pri:0, instance:groupExecution.FirstTest@732c2a62]" started-at="2023-01-21T11:50:59 IST" name="test1" finished-at="2023-01-21T11:50:59 IST" duration-ms="2" status="PASS">
          <reporter-output>
          </reporter-output>
        </test-method> <!-- test1 -->
        <test-method signature="test2()[pri:0, instance:groupExecution.FirstTest@732c2a62]" started-at="2023-01-21T11:50:59 IST" name="test2" finished-at="2023-01-21T11:50:59 IST" duration-ms="1" status="PASS">
          <reporter-output>
          </reporter-output>
        </test-method> <!-- test2 -->
      </class> <!-- groupExecution.FirstTest -->
    </test> <!-- Test -->
  </suite> <!-- Suite -->
</testng-results>
