<?xml version="1.0" encoding="UTF-8"?>
<testng-results ignored="0" total="1" passed="1" failed="0" skipped="0">
  <reporter-output>
    <line>
      <![CDATA[Hello World]]>
    </line>
  </reporter-output>
  <suite started-at="2023-01-19T11:52:44 IST" name="Default suite" finished-at="2023-01-19T11:52:44 IST" duration-ms="97">
    <groups>
    </groups>
    <test started-at="2023-01-19T11:52:44 IST" name="Default test" finished-at="2023-01-19T11:52:44 IST" duration-ms="97">
      <class name="testNG.SampleTest">
        <test-method signature="demo()[pri:0, instance:testNG.SampleTest@1f97cf0d]" started-at="2023-01-19T11:52:44 IST" name="demo" finished-at="2023-01-19T11:52:44 IST" duration-ms="20" status="PASS">
          <reporter-output>
            <line>
              <![CDATA[Hello World]]>
            </line>
          </reporter-output>
        </test-method> <!-- demo -->
      </class> <!-- testNG.SampleTest -->
    </test> <!-- Default test -->
  </suite> <!-- Default suite -->
</testng-results>
