<?xml version="1.0" encoding="UTF-8"?>
<!-- Generated by org.testng.reporters.JUnitReportReporter -->
<testsuite hostname="DESKTOP-F52EDBA" failures="0" tests="8" name="testNG.PriorityInvocationCountPractice" time="0.026" errors="0" timestamp="2023-01-20T10:49:01 IST" skipped="0">
  <testcase classname="testNG.PriorityInvocationCountPractice" name="demo4" time="0.002"/>
  <system-out/>
  <testcase classname="testNG.PriorityInvocationCountPractice" name="demo4" time="0.011"/>
  <system-out/>
  <testcase classname="testNG.PriorityInvocationCountPractice" name="demo2" time="0.003"/>
  <system-out/>
  <testcase classname="testNG.PriorityInvocationCountPractice" name="demo2" time="0.002"/>
  <system-out/>
  <testcase classname="testNG.PriorityInvocationCountPractice" name="demo2" time="0.002"/>
  <system-out/>
  <testcase classname="testNG.PriorityInvocationCountPractice" name="demo5" time="0.004"/>
  <system-out/>
  <testcase classname="testNG.PriorityInvocationCountPractice" name="demo1" time="0.001"/>
  <system-out/>
  <testcase classname="testNG.PriorityInvocationCountPractice" name="demo1" time="0.001"/>
  <system-out/>
</testsuite> <!-- testNG.PriorityInvocationCountPractice -->
